GPU Prolog Script v1.14
This is a GPU node.
Enough GPUs available.
Allocating card 1
gonzo-605-5.local
Tue Jun 23 23:13:33 2026       
+-----------------------------------------------------------------------------------------+
| NVIDIA-SMI 550.127.05             Driver Version: 550.127.05     CUDA Version: 12.4     |
|-----------------------------------------+------------------------+----------------------+
| GPU  Name                 Persistence-M | Bus-Id          Disp.A | Volatile Uncorr. ECC |
| Fan  Temp   Perf          Pwr:Usage/Cap |           Memory-Usage | GPU-Util  Compute M. |
|                                         |                        |               MIG M. |
|=========================================+========================+======================|
|   0  NVIDIA GeForce GTX 1080 Ti     On  |   00000000:02:00.0 Off |                  N/A |
| 34%   58C    P2             75W /  250W |    6479MiB /  11264MiB |      0%   E. Process |
|                                         |                        |                  N/A |
+-----------------------------------------+------------------------+----------------------+
|   1  NVIDIA GeForce GTX 1080 Ti     On  |   00000000:03:00.0 Off |                  N/A |
| 23%   24C    P8              9W /  250W |       0MiB /  11264MiB |      0%   E. Process |
|                                         |                        |                  N/A |
+-----------------------------------------+------------------------+----------------------+
|   2  NVIDIA GeForce GTX 1080 Ti     On  |   00000000:81:00.0 Off |                  N/A |
| 23%   22C    P8              8W /  250W |       0MiB /  11264MiB |      0%   E. Process |
|                                         |                        |                  N/A |
+-----------------------------------------+------------------------+----------------------+
|   3  NVIDIA GeForce GTX 1080 Ti     On  |   00000000:82:00.0 Off |                  N/A |
| 23%   24C    P8              9W /  250W |       0MiB /  11264MiB |      0%   E. Process |
|                                         |                        |                  N/A |
+-----------------------------------------+------------------------+----------------------+
                                                                                         
+-----------------------------------------------------------------------------------------+
| Processes:                                                                              |
|  GPU   GI   CI        PID   Type   Process name                              GPU Memory |
|        ID   ID                                                               Usage      |
|=========================================================================================|
|    0   N/A  N/A     16348      C   python3                                      6476MiB |
+-----------------------------------------------------------------------------------------+
Selected GPU 
Traceback (most recent call last):
  File "/cluster/project7/longitude/atlasSam/register/light_register.py", line 384, in <module>
    train(parse_args())
  File "/cluster/project7/longitude/atlasSam/register/light_register.py", line 289, in train
    split_file = split_file_from_args(args)
  File "/cluster/project7/longitude/atlasSam/register/light_register.py", line 73, in split_file_from_args
    raise FileNotFoundError('Could not find split file. Tried: {}'.format(', '.join(str(p) for p in candidates)))
FileNotFoundError: Could not find split file. Tried: ../../Datasets/ProstateDatasets/3-picai-data/data-ROI-192-96/data_split_files/1-uclH-data_ratio0.8/train.txt, ../../Datasets/ProstateDatasets/3-picai-data/data-ROI-192-96/data_split_files/1-uclH-data_ratio0.8/path_list.txt, ../../Datasets/ProstateDatasets/3-picai-data/data-ROI-192-96/data_split_files/train.txt, ../../Datasets/ProstateDatasets/3-picai-data/data-ROI-192-96/data_split_files/path_list.txt
GPU Epilog Script v0.30
