GPU Prolog Script v1.14
This is a GPU node.
Enough GPUs available.
Allocating card 3
drteeth.local
Tue Jun 23 22:27:33 2026       
+-----------------------------------------------------------------------------------------+
| NVIDIA-SMI 550.127.05             Driver Version: 550.127.05     CUDA Version: 12.4     |
|-----------------------------------------+------------------------+----------------------+
| GPU  Name                 Persistence-M | Bus-Id          Disp.A | Volatile Uncorr. ECC |
| Fan  Temp   Perf          Pwr:Usage/Cap |           Memory-Usage | GPU-Util  Compute M. |
|                                         |                        |               MIG M. |
|=========================================+========================+======================|
|   0  Quadro RTX 6000                On  |   00000000:01:00.0 Off |                  Off |
| 33%   46C    P2             60W /  260W |     335MiB /  24576MiB |      0%   E. Process |
|                                         |                        |                  N/A |
+-----------------------------------------+------------------------+----------------------+
|   1  Quadro RTX 6000                On  |   00000000:25:00.0 Off |                  Off |
| 33%   42C    P8             29W /  260W |       3MiB /  24576MiB |      0%   E. Process |
|                                         |                        |                  N/A |
+-----------------------------------------+------------------------+----------------------+
|   2  Quadro RTX 6000                On  |   00000000:41:00.0 Off |                  Off |
| 33%   32C    P8             33W /  260W |       1MiB /  24576MiB |      0%   E. Process |
|                                         |                        |                  N/A |
+-----------------------------------------+------------------------+----------------------+
|   3  Quadro RTX 6000                On  |   00000000:61:00.0 Off |                  Off |
| 33%   32C    P8             25W /  260W |       1MiB /  24576MiB |      0%   E. Process |
|                                         |                        |                  N/A |
+-----------------------------------------+------------------------+----------------------+
|   4  Quadro RTX 6000                On  |   00000000:81:00.0 Off |                  Off |
| 33%   31C    P8             23W /  260W |       1MiB /  24576MiB |      0%   E. Process |
|                                         |                        |                  N/A |
+-----------------------------------------+------------------------+----------------------+
|   5  Quadro RTX 6000                On  |   00000000:A1:00.0 Off |                  Off |
| 33%   32C    P8             21W /  260W |       1MiB /  24576MiB |      0%   E. Process |
|                                         |                        |                  N/A |
+-----------------------------------------+------------------------+----------------------+
|   6  Quadro RTX 6000                On  |   00000000:C1:00.0 Off |                  Off |
| 33%   32C    P8             28W /  260W |       1MiB /  24576MiB |      0%   E. Process |
|                                         |                        |                  N/A |
+-----------------------------------------+------------------------+----------------------+
|   7  Quadro RTX 6000                On  |   00000000:E1:00.0 Off |                  Off |
| 33%   30C    P8             22W /  260W |       1MiB /  24576MiB |      0%   E. Process |
|                                         |                        |                  N/A |
+-----------------------------------------+------------------------+----------------------+
                                                                                         
+-----------------------------------------------------------------------------------------+
| Processes:                                                                              |
|  GPU   GI   CI        PID   Type   Process name                              GPU Memory |
|        ID   ID                                                               Usage      |
|=========================================================================================|
|    0   N/A  N/A     20854      C   ...ic/Cardiac_SUMMIT/env/TS/bin/python        332MiB |
+-----------------------------------------------------------------------------------------+
Selected GPU 0
creating model SAM-Med3D
try to load pretrained weights from https://huggingface.co/blueyo0/SAM-Med3D/blob/main/sam_med3d_turbo.pth
cache found, use pretrained weights in /home/wenyan/.local/share/checkpoint/huggingface_hub/blueyo0/SAM-Med3D/sam_med3d_turbo.pth
Loaded 6 selected atlas masks from ../register/atlas_bank/reference_bank.csv
data length: 134
(array([0, 1], dtype=uint8), array([855135,  29601]))
0: Patient940614618_study_0, CG Dice=0.0113, PZ Dice=0.0000, prostate Dice=0.4722
[ WARN:0@14.195] global loadsave.cpp:1063 imwrite_ Unsupported depth image for selected encoder is fallbacked to CV_8U.
(array([0, 1], dtype=uint8), array([791701,  93035]))
1: Patient929874313_study_0, CG Dice=0.3079, PZ Dice=0.0000, prostate Dice=0.7991
(array([0, 1], dtype=uint8), array([854315,  30421]))
2: Patient890199685_study_0, CG Dice=0.7410, PZ Dice=0.0000, prostate Dice=0.8356
(array([0, 1], dtype=uint8), array([855972,  28764]))
3: Patient850564213_study_0, CG Dice=0.5168, PZ Dice=0.0000, prostate Dice=0.5664
(array([0, 1], dtype=uint8), array([811456,  73280]))
4: Patient871031213_study_0, CG Dice=0.8372, PZ Dice=0.0000, prostate Dice=0.8897
(array([0, 1], dtype=uint8), array([848387,  36349]))
5: Patient859345992_study_0, CG Dice=0.5057, PZ Dice=0.0000, prostate Dice=0.7775
(array([0, 1], dtype=uint8), array([844532,  40204]))
6: Patient808136284_study_0, CG Dice=0.0308, PZ Dice=0.0000, prostate Dice=0.6289
(array([0, 1], dtype=uint8), array([848568,  36168]))
7: Patient873305257_study_0, CG Dice=0.1000, PZ Dice=0.0000, prostate Dice=0.5815
(array([0, 1], dtype=uint8), array([833287,  51449]))
8: Patient968013665_study_0, CG Dice=0.7511, PZ Dice=0.0000, prostate Dice=0.7603
(array([0, 1], dtype=uint8), array([857099,  27637]))
9: Patient975631273_study_0, CG Dice=0.7278, PZ Dice=0.0000, prostate Dice=0.7717
(array([0, 1], dtype=uint8), array([820134,  64602]))
10: Patient998123438_study_0, CG Dice=0.8684, PZ Dice=0.0000, prostate Dice=0.8919
(array([0, 1], dtype=uint8), array([840175,  44561]))
11: Patient910907550_study_0, CG Dice=0.8631, PZ Dice=0.0000, prostate Dice=0.8693
(array([0, 1], dtype=uint8), array([852663,  32073]))
12: Patient848809546_study_0, CG Dice=0.0140, PZ Dice=0.0000, prostate Dice=0.4708
(array([0, 1], dtype=uint8), array([848954,  35782]))
13: Patient923194593_study_0, CG Dice=0.0228, PZ Dice=0.0000, prostate Dice=0.4559
(array([0, 1], dtype=uint8), array([823746,  60990]))
14: Patient995663925_study_0, CG Dice=0.7712, PZ Dice=0.0000, prostate Dice=0.8728
(array([0, 1], dtype=uint8), array([826262,  58474]))
15: Patient845768704_study_0, CG Dice=0.7988, PZ Dice=0.0000, prostate Dice=0.8128
(array([0, 1], dtype=uint8), array([842727,  42009]))
16: Patient816630551_study_0, CG Dice=0.7743, PZ Dice=0.0000, prostate Dice=0.7813
(array([0, 1], dtype=uint8), array([844745,  39991]))
17: Patient861846728_study_0, CG Dice=0.6622, PZ Dice=0.0000, prostate Dice=0.8064
(array([0, 1], dtype=uint8), array([813572,  71164]))
18: Patient878281488_study_0, CG Dice=0.0276, PZ Dice=0.0000, prostate Dice=0.7603
(array([0, 1], dtype=uint8), array([853754,  30982]))
19: Patient985762726_study_0, CG Dice=0.2399, PZ Dice=0.0000, prostate Dice=0.7799
(array([0, 1], dtype=uint8), array([794313,  90423]))
20: Patient897544385_study_0, CG Dice=0.7377, PZ Dice=0.0000, prostate Dice=0.8397
(array([0, 1], dtype=uint8), array([785150,  99586]))
21: Patient909065182_study_0, CG Dice=0.7412, PZ Dice=0.0000, prostate Dice=0.7655
(array([0, 1], dtype=uint8), array([815728,  69008]))
22: Patient892640977_study_0, CG Dice=0.8135, PZ Dice=0.0000, prostate Dice=0.8330
(array([0, 1], dtype=uint8), array([728308, 156428]))
23: Patient984057610_study_0, CG Dice=0.6803, PZ Dice=0.0000, prostate Dice=0.7657
(array([0, 1], dtype=uint8), array([865541,  19195]))
GPU Epilog Script v0.30
