GPU Prolog Script v1.14
This is a GPU node.
Enough GPUs available.
Allocating card 6
dip-207-1.local
Tue Jun 23 21:12:54 2026       
+-----------------------------------------------------------------------------------------+
| NVIDIA-SMI 550.127.05             Driver Version: 550.127.05     CUDA Version: 12.4     |
|-----------------------------------------+------------------------+----------------------+
| GPU  Name                 Persistence-M | Bus-Id          Disp.A | Volatile Uncorr. ECC |
| Fan  Temp   Perf          Pwr:Usage/Cap |           Memory-Usage | GPU-Util  Compute M. |
|                                         |                        |               MIG M. |
|=========================================+========================+======================|
|   0  NVIDIA RTX 6000 Ada Gene...    On  |   00000000:01:00.0 Off |                  Off |
| 36%   55C    P8             32W /  300W |       1MiB /  49140MiB |      0%   E. Process |
|                                         |                        |                  N/A |
+-----------------------------------------+------------------------+----------------------+
|   1  NVIDIA RTX 6000 Ada Gene...    On  |   00000000:24:00.0 Off |                  Off |
| 48%   75C    P2            235W /  300W |   48361MiB /  49140MiB |     99%   E. Process |
|                                         |                        |                  N/A |
+-----------------------------------------+------------------------+----------------------+
|   2  NVIDIA RTX 6000 Ada Gene...    On  |   00000000:41:00.0 Off |                  Off |
| 30%   50C    P2             72W /  300W |    6775MiB /  49140MiB |      0%   E. Process |
|                                         |                        |                  N/A |
+-----------------------------------------+------------------------+----------------------+
|   3  NVIDIA RTX 6000 Ada Gene...    On  |   00000000:61:00.0 Off |                  Off |
|ERR!   42C    P2             32W /  300W |       1MiB /  49140MiB |      0%   E. Process |
|                                         |                        |                  N/A |
+-----------------------------------------+------------------------+----------------------+
|   4  NVIDIA RTX 6000 Ada Gene...    On  |   00000000:81:00.0 Off |                  Off |
| 30%   38C    P8             21W /  300W |       4MiB /  49140MiB |      0%   E. Process |
|                                         |                        |                  N/A |
+-----------------------------------------+------------------------+----------------------+
|   5  NVIDIA RTX 6000 Ada Gene...    On  |   00000000:A1:00.0 Off |                  Off |
| 56%   78C    P2            270W /  300W |   39503MiB /  49140MiB |     75%   E. Process |
|                                         |                        |                  N/A |
+-----------------------------------------+------------------------+----------------------+
|   6  NVIDIA RTX 6000 Ada Gene...    On  |   00000000:C1:00.0 Off |                  Off |
| 43%   59C    P8             39W /  300W |       1MiB /  49140MiB |      0%   E. Process |
|                                         |                        |                  N/A |
+-----------------------------------------+------------------------+----------------------+
|   7  NVIDIA RTX 6000 Ada Gene...    On  |   00000000:E1:00.0 Off |                  Off |
| 30%   47C    P2            186W /  300W |    5861MiB /  49140MiB |     46%   E. Process |
|                                         |                        |                  N/A |
+-----------------------------------------+------------------------+----------------------+
                                                                                         
+-----------------------------------------------------------------------------------------+
| Processes:                                                                              |
|  GPU   GI   CI        PID   Type   Process name                              GPU Memory |
|        ID   ID                                                               Usage      |
|=========================================================================================|
|    1   N/A  N/A     10437      C   python                                      48350MiB |
|    2   N/A  N/A     31861      C   python3                                      6768MiB |
|    5   N/A  N/A     22371      C   python                                      39492MiB |
|    7   N/A  N/A     54608      C   ...glibc-2.28/lib/ld-linux-x86-64.so.2       5854MiB |
+-----------------------------------------------------------------------------------------+
Selected GPU 0
creating model SAM-Med3D
try to load pretrained weights from https://huggingface.co/blueyo0/SAM-Med3D/blob/main/sam_med3d_turbo.pth
cache found, use pretrained weights in /home/wenyan/.local/share/checkpoint/huggingface_hub/blueyo0/SAM-Med3D/sam_med3d_turbo.pth
Loaded 6 selected atlas masks from ../register/atlas_bank/reference_bank.csv
data length: 19
0: test_006, CG Dice=0.0633, PZ Dice=0.0000, prostate Dice=0.6731
[ WARN:0@20.841] global loadsave.cpp:1063 imwrite_ Unsupported depth image for selected encoder is fallbacked to CV_8U.
1: test_016, CG Dice=0.0064, PZ Dice=0.0000, prostate Dice=0.5068
2: test_004, CG Dice=0.5966, PZ Dice=0.0000, prostate Dice=0.7383
3: test_019, CG Dice=0.6213, PZ Dice=0.0000, prostate Dice=0.6628
4: test_018, CG Dice=0.7678, PZ Dice=0.0000, prostate Dice=0.8055
5: test_014, CG Dice=0.6603, PZ Dice=0.0000, prostate Dice=0.7684
6: test_008, CG Dice=0.0055, PZ Dice=0.0000, prostate Dice=0.4180
7: test_005, CG Dice=0.2806, PZ Dice=0.0000, prostate Dice=0.7502
8: test_015, CG Dice=0.6153, PZ Dice=0.0000, prostate Dice=0.7691
9: test_001, CG Dice=0.7243, PZ Dice=0.0000, prostate Dice=0.7389
10: test_017, CG Dice=0.3537, PZ Dice=0.0000, prostate Dice=0.5968
11: test_012, CG Dice=0.6818, PZ Dice=0.0000, prostate Dice=0.8019
12: test_007, CG Dice=0.0154, PZ Dice=0.0000, prostate Dice=0.7307
13: test_010, CG Dice=0.2997, PZ Dice=0.0000, prostate Dice=0.7170
14: test_011, CG Dice=0.7211, PZ Dice=0.0000, prostate Dice=0.7834
15: test_002, CG Dice=0.8241, PZ Dice=0.0000, prostate Dice=0.8337
16: test_009, CG Dice=0.3893, PZ Dice=0.0000, prostate Dice=0.4880
17: test_003, CG Dice=0.5393, PZ Dice=0.0000, prostate Dice=0.8273
18: test_013, CG Dice=0.1046, PZ Dice=0.0000, prostate Dice=0.6072
SAM-Med3D atlas CG/PZ Dice: CG=0.4353+/-0.2797, PZ=0.0000+/-0.0000
GPU Epilog Script v0.30
