GPU Prolog Script v1.14
This is a GPU node.
Enough GPUs available.
Allocating card 3
drteeth.local
Tue Jun 23 22:20:39 2026       
+-----------------------------------------------------------------------------------------+
| NVIDIA-SMI 550.127.05             Driver Version: 550.127.05     CUDA Version: 12.4     |
|-----------------------------------------+------------------------+----------------------+
| GPU  Name                 Persistence-M | Bus-Id          Disp.A | Volatile Uncorr. ECC |
| Fan  Temp   Perf          Pwr:Usage/Cap |           Memory-Usage | GPU-Util  Compute M. |
|                                         |                        |               MIG M. |
|=========================================+========================+======================|
|   0  Quadro RTX 6000                On  |   00000000:01:00.0 Off |                  Off |
| 33%   43C    P2             58W /  260W |     287MiB /  24576MiB |      0%   E. Process |
|                                         |                        |                  N/A |
+-----------------------------------------+------------------------+----------------------+
|   1  Quadro RTX 6000                On  |   00000000:25:00.0 Off |                  Off |
| 33%   42C    P8             33W /  260W |     287MiB /  24576MiB |      0%   E. Process |
|                                         |                        |                  N/A |
+-----------------------------------------+------------------------+----------------------+
|   2  Quadro RTX 6000                On  |   00000000:41:00.0 Off |                  Off |
| 33%   33C    P8             33W /  260W |       1MiB /  24576MiB |      0%   E. Process |
|                                         |                        |                  N/A |
+-----------------------------------------+------------------------+----------------------+
|   3  Quadro RTX 6000                On  |   00000000:61:00.0 Off |                  Off |
| 33%   32C    P8             25W /  260W |       1MiB /  24576MiB |      0%   E. Process |
|                                         |                        |                  N/A |
+-----------------------------------------+------------------------+----------------------+
|   4  Quadro RTX 6000                On  |   00000000:81:00.0 Off |                  Off |
| 33%   32C    P8             22W /  260W |       1MiB /  24576MiB |      0%   E. Process |
|                                         |                        |                  N/A |
+-----------------------------------------+------------------------+----------------------+
|   5  Quadro RTX 6000                On  |   00000000:A1:00.0 Off |                  Off |
| 33%   33C    P8             20W /  260W |       1MiB /  24576MiB |      0%   E. Process |
|                                         |                        |                  N/A |
+-----------------------------------------+------------------------+----------------------+
|   6  Quadro RTX 6000                On  |   00000000:C1:00.0 Off |                  Off |
| 33%   33C    P8             29W /  260W |       1MiB /  24576MiB |      0%   E. Process |
|                                         |                        |                  N/A |
+-----------------------------------------+------------------------+----------------------+
|   7  Quadro RTX 6000                On  |   00000000:E1:00.0 Off |                  Off |
| 33%   31C    P8             22W /  260W |       1MiB /  24576MiB |      0%   E. Process |
|                                         |                        |                  N/A |
+-----------------------------------------+------------------------+----------------------+
                                                                                         
+-----------------------------------------------------------------------------------------+
| Processes:                                                                              |
|  GPU   GI   CI        PID   Type   Process name                              GPU Memory |
|        ID   ID                                                               Usage      |
|=========================================================================================|
|    0   N/A  N/A     15189      C   ...ic/Cardiac_SUMMIT/env/TS/bin/python        284MiB |
|    1   N/A  N/A     15016      C   ...ic/Cardiac_SUMMIT/env/TS/bin/python        284MiB |
+-----------------------------------------------------------------------------------------+
Selected GPU 0
creating model SAM-Med3D
try to load pretrained weights from https://huggingface.co/blueyo0/SAM-Med3D/blob/main/sam_med3d_turbo.pth
cache found, use pretrained weights in /home/wenyan/.local/share/checkpoint/huggingface_hub/blueyo0/SAM-Med3D/sam_med3d_turbo.pth
Loaded 6 selected atlas masks from ../register/atlas_bank/reference_bank.csv
data length: 134
0: Patient909419281_study_0, CG Dice=0.0671, PZ Dice=0.0000, prostate Dice=0.4849
[ WARN:0@24.836] global loadsave.cpp:1063 imwrite_ Unsupported depth image for selected encoder is fallbacked to CV_8U.
1: Patient866076620_study_0, CG Dice=0.5235, PZ Dice=0.0000, prostate Dice=0.7637
2: Patient925772295_study_0, CG Dice=0.8099, PZ Dice=0.0000, prostate Dice=0.8457
3: Patient890113667_study_0, CG Dice=0.8568, PZ Dice=0.0000, prostate Dice=0.8673
4: Patient995907312_study_0, CG Dice=0.6660, PZ Dice=0.0000, prostate Dice=0.7135
5: Patient985916122_study_0, CG Dice=0.7459, PZ Dice=0.0000, prostate Dice=0.8295
6: Patient951135893_study_0, CG Dice=0.0543, PZ Dice=0.0000, prostate Dice=0.7160
7: Patient886774322_study_0, CG Dice=0.1741, PZ Dice=0.0000, prostate Dice=0.7581
8: Patient976331109_study_0, CG Dice=0.3099, PZ Dice=0.0000, prostate Dice=0.6044
9: Patient962056378_study_0, CG Dice=0.6804, PZ Dice=0.0000, prostate Dice=0.7165
10: Patient913575499_study_0, CG Dice=0.4555, PZ Dice=0.0000, prostate Dice=0.5377
GPU Epilog Script v0.30
