GPU Prolog Script v1.14
This is a GPU node.
Enough GPUs available.
Allocating card 0
gonzo-605-18.local
Tue Jun 23 21:20:54 2026       
+-----------------------------------------------------------------------------------------+
| NVIDIA-SMI 550.127.05             Driver Version: 550.127.05     CUDA Version: 12.4     |
|-----------------------------------------+------------------------+----------------------+
| GPU  Name                 Persistence-M | Bus-Id          Disp.A | Volatile Uncorr. ECC |
| Fan  Temp   Perf          Pwr:Usage/Cap |           Memory-Usage | GPU-Util  Compute M. |
|                                         |                        |               MIG M. |
|=========================================+========================+======================|
|   0  NVIDIA GeForce RTX 4070 ...    On  |   00000000:02:00.0 Off |                  N/A |
| 32%   40C    P8             11W /  285W |       1MiB /  16376MiB |      0%   E. Process |
|                                         |                        |                  N/A |
+-----------------------------------------+------------------------+----------------------+
|   1  NVIDIA GeForce RTX 4070 ...    On  |   00000000:03:00.0 Off |                  N/A |
| 35%   53C    P2             57W /  285W |   11800MiB /  16376MiB |      0%   E. Process |
|                                         |                        |                  N/A |
+-----------------------------------------+------------------------+----------------------+
|   2  NVIDIA GeForce RTX 4070 ...    On  |   00000000:81:00.0 Off |                  N/A |
| 31%   28C    P8             15W /  285W |       1MiB /  16376MiB |      0%   E. Process |
|                                         |                        |                  N/A |
+-----------------------------------------+------------------------+----------------------+
|   3  NVIDIA GeForce RTX 4070 ...    On  |   00000000:82:00.0 Off |                  N/A |
| 30%   26C    P8              9W /  285W |       1MiB /  16376MiB |      0%   E. Process |
|                                         |                        |                  N/A |
+-----------------------------------------+------------------------+----------------------+
                                                                                         
+-----------------------------------------------------------------------------------------+
| Processes:                                                                              |
|  GPU   GI   CI        PID   Type   Process name                              GPU Memory |
|        ID   ID                                                               Usage      |
|=========================================================================================|
|    1   N/A  N/A      4434      C   python3                                     11794MiB |
+-----------------------------------------------------------------------------------------+
Selected GPU 0
creating model SAM-Med3D
try to load pretrained weights from https://huggingface.co/blueyo0/SAM-Med3D/blob/main/sam_med3d_turbo.pth
GPU Epilog Script v0.30
