GPU Prolog Script v1.14
This is a GPU node.
Enough GPUs available.
Allocating card 7
seymour4.local
Tue Jun 23 22:33:41 2026       
+-----------------------------------------------------------------------------------------+
| NVIDIA-SMI 550.127.08             Driver Version: 550.127.08     CUDA Version: 12.4     |
|-----------------------------------------+------------------------+----------------------+
| GPU  Name                 Persistence-M | Bus-Id          Disp.A | Volatile Uncorr. ECC |
| Fan  Temp   Perf          Pwr:Usage/Cap |           Memory-Usage | GPU-Util  Compute M. |
|                                         |                        |               MIG M. |
|=========================================+========================+======================|
|   0  NVIDIA H100 80GB HBM3          On  |   00000000:1B:00.0 Off |                    0 |
| N/A   67C    P0            610W /  700W |   43820MiB /  81559MiB |    100%   E. Process |
|                                         |                        |             Disabled |
+-----------------------------------------+------------------------+----------------------+
|   1  NVIDIA H100 80GB HBM3          On  |   00000000:29:00.0 Off |                    0 |
| N/A   60C    P0            612W /  700W |   43820MiB /  81559MiB |    100%   E. Process |
|                                         |                        |             Disabled |
+-----------------------------------------+------------------------+----------------------+
|   2  NVIDIA H100 80GB HBM3          On  |   00000000:45:00.0 Off |                    0 |
| N/A   26C    P0             69W /  700W |       4MiB /  81559MiB |      0%   E. Process |
|                                         |                        |             Disabled |
+-----------------------------------------+------------------------+----------------------+
|   3  NVIDIA H100 80GB HBM3          On  |   00000000:4E:00.0 Off |                    0 |
| N/A   43C    P0             72W /  700W |       4MiB /  81559MiB |      0%   E. Process |
|                                         |                        |             Disabled |
+-----------------------------------------+------------------------+----------------------+
|   4  NVIDIA H100 80GB HBM3          On  |   00000001:1B:00.0 Off |                    0 |
| N/A   42C    P0             71W /  700W |       4MiB /  81559MiB |      0%   E. Process |
|                                         |                        |             Disabled |
+-----------------------------------------+------------------------+----------------------+
|   5  NVIDIA H100 80GB HBM3          On  |   00000001:24:00.0 Off |                    0 |
| N/A   25C    P0             68W /  700W |       1MiB /  81559MiB |      0%   E. Process |
|                                         |                        |             Disabled |
+-----------------------------------------+------------------------+----------------------+
|   6  NVIDIA H100 80GB HBM3          On  |   00000001:45:00.0 Off |                    0 |
| N/A   60C    P0            606W /  700W |   43820MiB /  81559MiB |    100%   E. Process |
|                                         |                        |             Disabled |
+-----------------------------------------+------------------------+----------------------+
|   7  NVIDIA H100 80GB HBM3          On  |   00000001:4E:00.0 Off |                    0 |
| N/A   29C    P0             70W /  700W |       1MiB /  81559MiB |      0%   E. Process |
|                                         |                        |             Disabled |
+-----------------------------------------+------------------------+----------------------+
                                                                                         
+-----------------------------------------------------------------------------------------+
| Processes:                                                                              |
|  GPU   GI   CI        PID   Type   Process name                              GPU Memory |
|        ID   ID                                                               Usage      |
|=========================================================================================|
|    0   N/A  N/A     93323      C   python3                                     43810MiB |
|    1   N/A  N/A     93220      C   python3                                     43810MiB |
|    6   N/A  N/A     93322      C   python3                                     43810MiB |
+-----------------------------------------------------------------------------------------+
Selected GPU 0
creating model SAM-Med3D
try to load pretrained weights from https://huggingface.co/blueyo0/SAM-Med3D/blob/main/sam_med3d_turbo.pth
cache found, use pretrained weights in /home/wenyan/.local/share/checkpoint/huggingface_hub/blueyo0/SAM-Med3D/sam_med3d_turbo.pth
Loaded 6 selected atlas masks from ../register/atlas_bank/reference_bank.csv
data length: 134
(array([0, 1, 2], dtype=uint8), array([804935,  30480,  49321]))
0: Patient972534934_study_0, CG Dice=0.0611, PZ Dice=0.7180, prostate Dice=0.8306
[ WARN:0@29.816] global loadsave.cpp:1063 imwrite_ Unsupported depth image for selected encoder is fallbacked to CV_8U.
(array([0, 1, 2], dtype=uint8), array([718488,  32058, 134190]))
1: Patient965251812_study_0, CG Dice=0.1798, PZ Dice=0.7421, prostate Dice=0.7888
(array([0, 1, 2], dtype=uint8), array([843321,  23335,  18080]))
2: Patient860955368_study_0, CG Dice=0.6294, PZ Dice=0.6448, prostate Dice=0.8282
(array([0, 1, 2], dtype=uint8), array([838650,  28793,  17293]))
3: Patient909419281_study_0, CG Dice=0.4462, PZ Dice=0.0798, prostate Dice=0.8111
(array([0, 1, 2], dtype=uint8), array([840597,  28906,  15233]))
4: Patient908835948_study_0, CG Dice=0.4094, PZ Dice=0.1440, prostate Dice=0.7140
(array([0, 1, 2], dtype=uint8), array([826400,  37765,  20571]))
5: Patient879207934_study_0, CG Dice=0.3680, PZ Dice=0.0952, prostate Dice=0.7520
(array([0, 1, 2], dtype=uint8), array([823782,  28162,  32792]))
6: Patient828086439_study_0, CG Dice=0.0907, PZ Dice=0.6261, prostate Dice=0.7262
(array([0, 1, 2], dtype=uint8), array([791164,  38672,  54900]))
7: Patient994800837_study_0, CG Dice=0.4506, PZ Dice=0.7791, prostate Dice=0.7876
(array([0, 1, 2], dtype=uint8), array([858725,  15260,  10751]))
8: Patient799300347_study_0, CG Dice=0.5545, PZ Dice=0.1930, prostate Dice=0.7913
(array([0, 1, 2], dtype=uint8), array([863377,  11739,   9620]))
9: Patient833660745_study_0, CG Dice=0.5460, PZ Dice=0.0656, prostate Dice=0.8311
(array([0, 1, 2], dtype=uint8), array([823077,  18614,  43045]))
10: Patient995663925_study_0, CG Dice=0.2771, PZ Dice=0.1699, prostate Dice=0.8304
(array([0, 1, 2], dtype=uint8), array([844745,  33458,   6533]))
11: Patient861846728_study_0, CG Dice=0.6133, PZ Dice=0.2924, prostate Dice=0.8065
(array([0, 1, 2], dtype=uint8), array([826872,  42135,  15729]))
12: Patient912361214_study_0, CG Dice=0.0851, PZ Dice=0.4005, prostate Dice=0.8019
(array([0, 1, 2], dtype=uint8), array([844990,  27358,  12388]))
13: Patient907231890_study_0, CG Dice=0.3008, PZ Dice=0.5596, prostate Dice=0.6060
(array([0, 1, 2], dtype=uint8), array([850508,  27645,   6583]))
14: Patient999341630_study_0, CG Dice=0.6156, PZ Dice=0.1077, prostate Dice=0.7699
(array([0, 1, 2], dtype=uint8), array([854223,  19683,  10830]))
15: Patient872282004_study_0, CG Dice=0.6096, PZ Dice=0.0865, prostate Dice=0.8640
(array([0, 1, 2], dtype=uint8), array([849952,  22789,  11995]))
16: Patient899795838_study_0, CG Dice=0.6459, PZ Dice=0.0712, prostate Dice=0.9082
(array([0, 1, 2], dtype=uint8), array([773079,  55040,  56617]))
17: Patient885725027_study_0, CG Dice=0.3507, PZ Dice=0.5130, prostate Dice=0.8171
(array([0, 1, 2], dtype=uint8), array([843819,  28670,  12247]))
18: Patient846659801_study_0, CG Dice=0.0154, PZ Dice=0.5290, prostate Dice=0.4805
(array([0, 1, 2], dtype=uint8), array([833156,  30732,  20848]))
19: Patient996244487_study_0, CG Dice=0.1358, PZ Dice=0.7101, prostate Dice=0.6978
(array([0, 1, 2], dtype=uint8), array([823276,  23822,  37638]))
20: Patient912706323_study_0, CG Dice=0.3724, PZ Dice=0.4792, prostate Dice=0.8838
(array([0, 1, 2], dtype=uint8), array([813412,  30403,  40921]))
21: Patient923716667_study_0, CG Dice=0.4539, PZ Dice=0.2553, prostate Dice=0.8659
(array([0, 1, 2], dtype=uint8), array([848378,  24074,  12284]))
22: Patient859345992_study_0, CG Dice=0.4891, PZ Dice=0.5217, prostate Dice=0.7471
(array([0, 1, 2], dtype=uint8), array([826536,  29062,  29138]))
23: Patient890113667_study_0, CG Dice=0.4963, PZ Dice=0.0984, prostate Dice=0.8684
(array([0, 1, 2], dtype=uint8), array([845658,  21981,  17097]))
24: Patient910489986_study_0, CG Dice=0.0700, PZ Dice=0.7069, prostate Dice=0.7272
(array([0, 1, 2], dtype=uint8), array([848713,  25400,  10623]))
25: Patient923194593_study_0, CG Dice=0.0206, PZ Dice=0.6166, prostate Dice=0.4456
(array([0, 1, 2], dtype=uint8), array([865528,  13763,   5445]))
26: Patient846807280_study_0, CG Dice=0.5286, PZ Dice=0.1051, prostate Dice=0.6268
(array([0, 1, 2], dtype=uint8), array([821463,  32563,  30710]))
27: Patient909623892_study_0, CG Dice=0.4554, PZ Dice=0.0699, prostate Dice=0.8704
(array([0, 1, 2], dtype=uint8), array([831881,  34712,  18143]))
28: Patient981742409_study_0, CG Dice=0.5674, PZ Dice=0.3780, prostate Dice=0.8198
(array([0, 1, 2], dtype=uint8), array([836746,  26706,  21284]))
29: Patient890871995_study_0, CG Dice=0.5334, PZ Dice=0.0495, prostate Dice=0.8013
(array([0, 1, 2], dtype=uint8), array([851717,  20747,  12272]))
30: Patient995907312_study_0, CG Dice=0.0642, PZ Dice=0.4713, prostate Dice=0.4455
(array([0, 1, 2], dtype=uint8), array([854307,  20499,   9930]))
31: Patient890199685_study_0, CG Dice=0.0589, PZ Dice=0.5045, prostate Dice=0.4533
(array([0, 1, 2], dtype=uint8), array([840369,  32291,  12076]))
32: Patient909335475_study_0, CG Dice=0.6152, PZ Dice=0.5930, prostate Dice=0.8198
(array([0, 1, 2], dtype=uint8), array([843916,  30650,  10170]))
33: Patient807931277_study_0, CG Dice=0.6483, PZ Dice=0.0927, prostate Dice=0.8371
(array([0, 1, 2], dtype=uint8), array([847436,  25846,  11454]))
34: Patient820466562_study_0, CG Dice=0.5327, PZ Dice=0.2144, prostate Dice=0.7828
(array([0, 1, 2], dtype=uint8), array([837434,  36367,  10935]))
35: Patient848616772_study_0, CG Dice=0.6204, PZ Dice=0.3028, prostate Dice=0.8508
(array([0, 1, 2], dtype=uint8), array([832463,  33826,  18447]))
36: Patient870474535_study_0, CG Dice=0.0407, PZ Dice=0.5317, prostate Dice=0.6467
(array([0, 1, 2], dtype=uint8), array([820125,  32133,  32478]))
37: Patient998123438_study_0, CG Dice=0.2327, PZ Dice=0.7114, prostate Dice=0.8449
(array([0, 1, 2], dtype=uint8), array([795418,  34799,  54519]))
38: Patient861626844_study_0, CG Dice=0.4223, PZ Dice=0.3915, prostate Dice=0.8661
(array([0, 1, 2], dtype=uint8), array([854605,  15528,  14603]))
39: Patient946250678_study_0, CG Dice=0.5851, PZ Dice=0.1209, prostate Dice=0.8977
(array([0, 1, 2], dtype=uint8), array([799661,  37680,  47395]))
40: Patient945134395_study_0, CG Dice=0.4238, PZ Dice=0.1258, prostate Dice=0.8497
(array([0, 1, 2], dtype=uint8), array([841477,  27964,  15295]))
41: Patient982554660_study_0, CG Dice=0.5378, PZ Dice=0.3772, prostate Dice=0.8083
(array([0, 1, 2], dtype=uint8), array([772456,  42149,  70131]))
42: Patient953755708_study_0, CG Dice=0.2441, PZ Dice=0.8458, prostate Dice=0.8417
(array([0, 1, 2], dtype=uint8), array([844375,  30837,   9524]))
43: Patient976331109_study_0, CG Dice=0.2711, PZ Dice=0.6601, prostate Dice=0.6007
(array([0, 1, 2], dtype=uint8), array([854959,  17408,  12369]))
44: Patient994434010_study_0, CG Dice=0.5641, PZ Dice=0.3351, prostate Dice=0.8267
(array([0, 1, 2], dtype=uint8), array([782471,  43884,  58381]))
45: Patient985916122_study_0, CG Dice=0.2540, PZ Dice=0.1108, prostate Dice=0.7790
(array([0, 1, 2], dtype=uint8), array([814212,  40304,  30220]))
46: Patient866076620_study_0, CG Dice=0.4904, PZ Dice=0.1233, prostate Dice=0.8152
(array([0, 1, 2], dtype=uint8), array([853735,  16146,  14855]))
47: Patient985762726_study_0, CG Dice=0.5060, PZ Dice=0.4350, prostate Dice=0.8515
(array([0, 1, 2], dtype=uint8), array([837156,  28669,  18911]))
48: Patient913575499_study_0, CG Dice=0.0308, PZ Dice=0.3682, prostate Dice=0.4659
(array([0, 1, 2], dtype=uint8), array([825691,  20424,  38621]))
49: Patient951135893_study_0, CG Dice=0.1552, PZ Dice=0.7184, prostate Dice=0.7734
(array([0, 1, 2], dtype=uint8), array([847470,  30766,   6500]))
50: Patient982554659_study_0, CG Dice=0.6795, PZ Dice=0.1290, prostate Dice=0.7527
(array([0, 1, 2], dtype=uint8), array([837906,  36579,  10251]))
51: Patient841484403_study_0, CG Dice=0.7257, PZ Dice=0.0894, prostate Dice=0.8734
(array([0, 1, 2], dtype=uint8), array([855328,  22744,   6664]))
52: Patient881613793_study_0, CG Dice=0.6446, PZ Dice=0.3213, prostate Dice=0.8217
(array([0, 1, 2], dtype=uint8), array([859348,  18332,   7056]))
53: Patient859950816_study_0, CG Dice=0.5469, PZ Dice=0.1698, prostate Dice=0.7737
(array([0, 1, 2], dtype=uint8), array([826098,  28729,  29909]))
54: Patient845768704_study_0, CG Dice=0.0364, PZ Dice=0.6936, prostate Dice=0.6812
(array([0, 1, 2], dtype=uint8), array([810774,  29984,  43978]))
55: Patient871031213_study_0, CG Dice=0.5306, PZ Dice=0.7611, prostate Dice=0.8758
(array([0, 1, 2], dtype=uint8), array([862451,  10113,  12172]))
56: Patient951795211_study_0, CG Dice=0.4249, PZ Dice=0.2250, prostate Dice=0.6849
(array([0, 1, 2], dtype=uint8), array([835814,  33333,  15589]))
57: Patient931730120_study_0, CG Dice=0.5165, PZ Dice=0.0975, prostate Dice=0.7978
(array([0, 1, 2], dtype=uint8), array([853757,  18546,  12433]))
58: Patient857551265_study_0, CG Dice=0.5741, PZ Dice=0.5452, prostate Dice=0.8123
(array([0, 1, 2], dtype=uint8), array([842710,  31402,  10624]))
59: Patient816630551_study_0, CG Dice=0.6297, PZ Dice=0.0386, prostate Dice=0.8244
(array([0, 1, 2], dtype=uint8), array([825112,  48084,  11540]))
60: Patient947535985_study_0, CG Dice=0.0426, PZ Dice=0.1444, prostate Dice=0.4281
(array([0, 1, 2], dtype=uint8), array([809354,  30490,  44892]))
61: Patient910743815_study_0, CG Dice=0.3853, PZ Dice=0.7999, prostate Dice=0.7957
(array([0, 1, 2], dtype=uint8), array([849414,  22392,  12930]))
62: Patient930889108_study_0, CG Dice=0.5237, PZ Dice=0.1941, prostate Dice=0.8013
(array([0, 1, 2], dtype=uint8), array([850343,  19804,  14589]))
63: Patient940027058_study_0, CG Dice=0.5266, PZ Dice=0.0014, prostate Dice=0.8337
(array([0, 1, 2], dtype=uint8), array([791279,  47335,  46122]))
64: Patient917627230_study_0, CG Dice=0.3840, PZ Dice=0.2751, prostate Dice=0.8014
(array([0, 1, 2], dtype=uint8), array([859407,  18444,   6885]))
65: Patient842946741_study_0, CG Dice=0.5855, PZ Dice=0.1949, prostate Dice=0.8201
(array([0, 1, 2], dtype=uint8), array([726998,  32881, 124857]))
66: Patient984057610_study_0, CG Dice=0.1649, PZ Dice=0.8716, prostate Dice=0.8302
(array([0, 1, 2], dtype=uint8), array([855972,  20849,   7915]))
67: Patient850564213_study_0, CG Dice=0.0052, PZ Dice=0.1647, prostate Dice=0.3225
(array([0, 1, 2], dtype=uint8), array([842863,  29487,  12386]))
68: Patient884816159_study_0, CG Dice=0.5379, PZ Dice=0.0712, prostate Dice=0.8175
(array([0, 1, 2], dtype=uint8), array([852922,  22831,   8983]))
69: Patient989997499_study_0, CG Dice=0.6314, PZ Dice=0.0310, prostate Dice=0.8206
(array([0, 1, 2], dtype=uint8), array([856959,  15051,  12726]))
70: Patient947170572_study_0, CG Dice=0.5350, PZ Dice=0.0960, prostate Dice=0.7807
(array([0, 1, 2], dtype=uint8), array([858906,  17875,   7955]))
71: Patient973816846_study_0, CG Dice=0.5739, PZ Dice=0.1586, prostate Dice=0.7335
(array([0, 1, 2], dtype=uint8), array([862494,  14313,   7929]))
72: Patient815940060_study_0, CG Dice=0.0071, PZ Dice=0.4022, prostate Dice=0.5555
(array([0, 1, 2], dtype=uint8), array([793130,  34987,  56619]))
73: Patient797475060_study_0, CG Dice=0.1208, PZ Dice=0.7803, prostate Dice=0.7308
(array([0, 1, 2], dtype=uint8), array([856593,  20259,   7884]))
74: Patient853303953_study_0, CG Dice=0.5732, PZ Dice=0.0839, prostate Dice=0.7146
(array([0, 1, 2], dtype=uint8), array([858681,  15067,  10988]))
75: Patient836053162_study_0, CG Dice=0.5926, PZ Dice=0.0115, prostate Dice=0.8586
(array([0, 1, 2], dtype=uint8), array([850596,  21672,  12468]))
76: Patient992290047_study_0, CG Dice=0.6068, PZ Dice=0.2270, prostate Dice=0.8665
(array([0, 1, 2], dtype=uint8), array([844693,  30115,   9928]))
77: Patient905783150_study_0, CG Dice=0.5588, PZ Dice=0.1844, prostate Dice=0.8104
(array([0, 1, 2], dtype=uint8), array([815642,  19528,  49566]))
78: Patient892640977_study_0, CG Dice=0.0809, PZ Dice=0.7554, prostate Dice=0.6994
(array([0, 1, 2], dtype=uint8), array([840175,  26729,  17832]))
79: Patient910907550_study_0, CG Dice=0.2994, PZ Dice=0.5479, prostate Dice=0.7392
(array([0, 1, 2], dtype=uint8), array([858298,  20637,   5801]))
80: Patient806991235_study_0, CG Dice=0.5217, PZ Dice=0.2199, prostate Dice=0.7866
(array([0, 1, 2], dtype=uint8), array([818394,  62263,   4079]))
81: Patient874087940_study_0, CG Dice=0.8374, PZ Dice=0.0395, prostate Dice=0.8738
(array([0, 1, 2], dtype=uint8), array([852893,  18356,  13487]))
82: Patient991142573_study_0, CG Dice=0.6377, PZ Dice=0.3689, prostate Dice=0.8556
(array([0, 1, 2], dtype=uint8), array([819899,  35984,  28853]))
83: Patient954554801_study_0, CG Dice=0.3825, PZ Dice=0.3657, prostate Dice=0.7400
(array([0, 1, 2], dtype=uint8), array([844518,  15507,  24711]))
84: Patient808136284_study_0, CG Dice=0.0502, PZ Dice=0.7727, prostate Dice=0.6291
(array([0, 1, 2], dtype=uint8), array([831982,  31044,  21710]))
85: Patient801454842_study_0, CG Dice=0.0914, PZ Dice=0.6152, prostate Dice=0.6436
(array([0, 1, 2], dtype=uint8), array([856524,  21722,   6490]))
86: Patient832052752_study_0, CG Dice=0.6252, PZ Dice=0.1085, prostate Dice=0.7736
(array([0, 1, 2], dtype=uint8), array([837299,  32040,  15397]))
87: Patient896555169_study_0, CG Dice=0.6439, PZ Dice=0.0067, prostate Dice=0.8902
(array([0, 1, 2], dtype=uint8), array([798470,  29652,  56614]))
88: Patient946782415_study_0, CG Dice=0.3007, PZ Dice=0.2286, prostate Dice=0.8322
(array([0, 1, 2], dtype=uint8), array([791785,  32092,  60859]))
89: Patient871446219_study_0, CG Dice=0.2463, PZ Dice=0.3000, prostate Dice=0.7955
(array([0, 1, 2], dtype=uint8), array([785023,  47316,  52397]))
90: Patient909065182_study_0, CG Dice=0.2514, PZ Dice=0.8029, prostate Dice=0.7746
(array([0, 1, 2], dtype=uint8), array([816297,  41493,  26946]))
91: Patient897701819_study_0, CG Dice=0.4078, PZ Dice=0.6873, prostate Dice=0.7045
(array([0, 1, 2], dtype=uint8), array([848554,  18341,  17841]))
92: Patient873305257_study_0, CG Dice=0.3750, PZ Dice=0.2179, prostate Dice=0.7326
(array([0, 1, 2], dtype=uint8), array([856360,  17004,  11372]))
93: Patient869970961_study_0, CG Dice=0.6349, PZ Dice=0.4644, prostate Dice=0.8762
(array([0, 1, 2], dtype=uint8), array([833280,  29985,  21471]))
94: Patient968013665_study_0, CG Dice=0.5273, PZ Dice=0.0061, prostate Dice=0.8068
(array([0, 1, 2], dtype=uint8), array([803541,  36488,  44707]))
95: Patient858552566_study_0, CG Dice=0.4471, PZ Dice=0.5793, prostate Dice=0.8449
(array([0, 1, 2], dtype=uint8), array([853843,  19461,  11432]))
96: Patient829954743_study_0, CG Dice=0.0011, PZ Dice=0.5075, prostate Dice=0.5317
(array([0, 1, 2], dtype=uint8), array([845998,  28061,  10677]))
97: Patient989809536_study_0, CG Dice=0.0834, PZ Dice=0.3975, prostate Dice=0.6918
(array([0, 1, 2], dtype=uint8), array([821361,  32167,  31208]))
98: Patient832853324_study_0, CG Dice=0.5219, PZ Dice=0.2236, prostate Dice=0.8318
(array([0, 1, 2], dtype=uint8), array([840039,  27140,  17557]))
99: Patient965633848_study_0, CG Dice=0.4635, PZ Dice=0.0881, prostate Dice=0.8456
(array([0, 1, 2], dtype=uint8), array([828483,  36769,  19484]))
100: Patient913099765_study_0, CG Dice=0.4747, PZ Dice=0.1081, prostate Dice=0.8119
(array([0, 1, 2], dtype=uint8), array([854541,  21633,   8562]))
101: Patient908092997_study_0, CG Dice=0.6023, PZ Dice=0.2240, prostate Dice=0.7943
(array([0, 1, 2], dtype=uint8), array([857346,  18048,   9342]))
102: Patient910053655_study_0, CG Dice=0.0415, PZ Dice=0.4530, prostate Dice=0.5725
(array([0, 1, 2], dtype=uint8), array([791614,  32275,  60847]))
103: Patient929874313_study_0, CG Dice=0.4333, PZ Dice=0.8187, prostate Dice=0.7986
(array([0, 1, 2], dtype=uint8), array([845603,  28940,  10193]))
104: Patient959814554_study_0, CG Dice=0.5892, PZ Dice=0.5023, prostate Dice=0.7735
(array([0, 1, 2], dtype=uint8), array([823558,  32086,  29092]))
105: Patient816101315_study_0, CG Dice=0.5711, PZ Dice=0.0768, prostate Dice=0.8891
(array([0, 1, 2], dtype=uint8), array([852991,  16708,  15037]))
106: Patient948084900_study_0, CG Dice=0.5599, PZ Dice=0.3581, prostate Dice=0.8643
(array([0, 1, 2], dtype=uint8), array([794184,  51787,  38765]))
107: Patient897544385_study_0, CG Dice=0.4225, PZ Dice=0.1631, prostate Dice=0.8110
(array([0, 1, 2], dtype=uint8), array([836003,  32923,  15810]))
108: Patient805528367_study_0, CG Dice=0.0072, PZ Dice=0.5112, prostate Dice=0.6866
(array([0, 1, 2], dtype=uint8), array([855629,  25790,   3317]))
109: Patient877767576_study_0, CG Dice=0.0814, PZ Dice=0.3298, prostate Dice=0.3535
(array([0, 1, 2], dtype=uint8), array([836743,  28522,  19471]))
110: Patient946849365_study_0, CG Dice=0.5412, PZ Dice=0.2285, prostate Dice=0.7882
(array([0, 1, 2], dtype=uint8), array([839000,  26846,  18890]))
111: Patient922970529_study_0, CG Dice=0.4555, PZ Dice=0.0158, prostate Dice=0.8201
(array([0, 1, 2], dtype=uint8), array([851956,  18933,  13847]))
112: Patient976673643_study_0, CG Dice=0.5906, PZ Dice=0.1702, prostate Dice=0.8542
(array([0, 1, 2], dtype=uint8), array([845215,  25977,  13544]))
113: Patient833373915_study_0, CG Dice=0.6339, PZ Dice=0.4442, prostate Dice=0.8436
(array([0, 1, 2], dtype=uint8), array([834154,  32256,  18326]))
114: Patient927268952_study_0, CG Dice=0.0754, PZ Dice=0.4423, prostate Dice=0.6910
(array([0, 1, 2], dtype=uint8), array([807309,  42665,  34762]))
115: Patient907602254_study_0, CG Dice=0.4784, PZ Dice=0.6390, prostate Dice=0.8307
(array([0, 1, 2], dtype=uint8), array([810912,  37927,  35897]))
116: Patient893391546_study_0, CG Dice=0.4897, PZ Dice=0.5817, prostate Dice=0.7887
(array([0, 1, 2], dtype=uint8), array([836645,  37986,  10105]))
117: Patient812415908_study_0, CG Dice=0.6727, PZ Dice=0.0079, prostate Dice=0.8334
(array([0, 1, 2], dtype=uint8), array([813572,  37682,  33482]))
118: Patient878281488_study_0, CG Dice=0.4183, PZ Dice=0.1879, prostate Dice=0.8294
(array([0, 1, 2], dtype=uint8), array([837654,  44321,   2761]))
119: Patient925772295_study_0, CG Dice=0.7861, PZ Dice=0.0246, prostate Dice=0.8463
(array([0, 1, 2], dtype=uint8), array([828133,  28384,  28219]))
120: Patient941592504_study_0, CG Dice=0.0195, PZ Dice=0.6027, prostate Dice=0.8841
(array([0, 1, 2], dtype=uint8), array([854201,  17221,  13314]))
121: Patient940614618_study_0, CG Dice=0.2495, PZ Dice=0.5990, prostate Dice=0.6440
(array([0, 1, 2], dtype=uint8), array([861672,  14606,   8458]))
122: Patient861941190_study_0, CG Dice=0.5321, PZ Dice=0.1804, prostate Dice=0.7222
(array([0, 1, 2], dtype=uint8), array([844794,  31218,   8724]))
123: Patient864283391_study_0, CG Dice=0.4885, PZ Dice=0.1901, prostate Dice=0.7467
(array([0, 1, 2], dtype=uint8), array([857099,  19651,   7986]))
124: Patient975631273_study_0, CG Dice=0.6251, PZ Dice=0.1083, prostate Dice=0.8602
(array([0, 1, 2], dtype=uint8), array([833716,  23932,  27088]))
125: Patient812964223_study_0, CG Dice=0.4925, PZ Dice=0.2712, prostate Dice=0.8712
(array([0, 1, 2], dtype=uint8), array([824471,  30766,  29499]))
126: Patient927034577_study_0, CG Dice=0.0296, PZ Dice=0.6608, prostate Dice=0.6186
(array([0, 1, 2], dtype=uint8), array([835814,  30815,  18107]))
127: Patient962056378_study_0, CG Dice=0.0818, PZ Dice=0.6542, prostate Dice=0.5772
(array([0, 1, 2], dtype=uint8), array([828660,  24478,  31598]))
128: Patient827240789_study_0, CG Dice=0.4193, PZ Dice=0.5343, prostate Dice=0.8068
(array([0, 1, 2], dtype=uint8), array([852663,  21852,  10221]))
129: Patient848809546_study_0, CG Dice=0.4030, PZ Dice=0.1085, prostate Dice=0.8300
(array([0, 1, 2], dtype=uint8), array([814263,  33558,  36915]))
130: Patient928575900_study_0, CG Dice=0.3937, PZ Dice=0.2770, prostate Dice=0.7925
(array([0, 1, 2], dtype=uint8), array([855029,  26791,   2916]))
131: Patient855235476_study_0, CG Dice=0.5133, PZ Dice=0.3511, prostate Dice=0.7113
(array([0, 1, 2], dtype=uint8), array([830164,  34848,  19724]))
132: Patient850881477_study_0, CG Dice=0.0185, PZ Dice=0.5013, prostate Dice=0.7125
(array([0, 1, 2], dtype=uint8), array([786831,  48896,  49009]))
133: Patient886774322_study_0, CG Dice=0.2828, PZ Dice=0.7676, prostate Dice=0.7579
SAM-Med3D atlas CG/PZ Dice: CG=0.3973+/-0.2172, PZ=0.3508+/-0.2476
GPU Epilog Script v0.30
