GPU Prolog Script v1.14
This is a GPU node.
Enough GPUs available.
Allocating card 6
dip-207-2.local
Tue Jun 23 21:18:55 2026       
+-----------------------------------------------------------------------------------------+
| NVIDIA-SMI 550.127.05             Driver Version: 550.127.05     CUDA Version: 12.4     |
|-----------------------------------------+------------------------+----------------------+
| GPU  Name                 Persistence-M | Bus-Id          Disp.A | Volatile Uncorr. ECC |
| Fan  Temp   Perf          Pwr:Usage/Cap |           Memory-Usage | GPU-Util  Compute M. |
|                                         |                        |               MIG M. |
|=========================================+========================+======================|
|   0  NVIDIA RTX A6000               On  |   00000000:01:00.0 Off |                  Off |
| 30%   29C    P8             16W /  300W |       1MiB /  49140MiB |      0%   E. Process |
|                                         |                        |                  N/A |
+-----------------------------------------+------------------------+----------------------+
|   1  NVIDIA RTX A6000               On  |   00000000:25:00.0 Off |                  Off |
| 37%   65C    P2            294W /  300W |   48356MiB /  49140MiB |     96%   E. Process |
|                                         |                        |                  N/A |
+-----------------------------------------+------------------------+----------------------+
|   2  NVIDIA RTX A6000               On  |   00000000:41:00.0 Off |                  Off |
| 30%   29C    P8             18W /  300W |       4MiB /  49140MiB |      0%   E. Process |
|                                         |                        |                  N/A |
+-----------------------------------------+------------------------+----------------------+
|   3  NVIDIA RTX A6000               On  |   00000000:61:00.0 Off |                  Off |
| 48%   74C    P2            297W /  300W |   48150MiB /  49140MiB |     98%   E. Process |
|                                         |                        |                  N/A |
+-----------------------------------------+------------------------+----------------------+
|   4  NVIDIA RTX A6000               On  |   00000000:81:00.0 Off |                  Off |
| 49%   72C    P2            296W /  300W |   48172MiB /  49140MiB |     98%   E. Process |
|                                         |                        |                  N/A |
+-----------------------------------------+------------------------+----------------------+
|   5  NVIDIA RTX A6000               On  |   00000000:A1:00.0 Off |                  Off |
| 51%   76C    P2            297W /  300W |   21822MiB /  49140MiB |     99%   E. Process |
|                                         |                        |                  N/A |
+-----------------------------------------+------------------------+----------------------+
|   6  NVIDIA RTX A6000               On  |   00000000:C1:00.0 Off |                  Off |
| 39%   55C    P8             22W /  300W |       1MiB /  49140MiB |      0%   E. Process |
|                                         |                        |                  N/A |
+-----------------------------------------+------------------------+----------------------+
|   7  NVIDIA RTX A6000               On  |   00000000:E1:00.0 Off |                  Off |
| 30%   39C    P2             96W /  300W |    6586MiB /  49140MiB |      0%   E. Process |
|                                         |                        |                  N/A |
+-----------------------------------------+------------------------+----------------------+
                                                                                         
+-----------------------------------------------------------------------------------------+
| Processes:                                                                              |
|  GPU   GI   CI        PID   Type   Process name                              GPU Memory |
|        ID   ID                                                               Usage      |
|=========================================================================================|
|    1   N/A  N/A     55773      C   python                                      48350MiB |
|    3   N/A  N/A     52518      C   python                                      48144MiB |
|    4   N/A  N/A      5332      C   python                                      48166MiB |
|    5   N/A  N/A     21801      C   ...e/yutozhao/workload_env/bin/python3      21816MiB |
|    7   N/A  N/A     60759      C   python3                                      6580MiB |
+-----------------------------------------------------------------------------------------+
Selected GPU 0
creating model SAM-Med3D
try to load pretrained weights from https://huggingface.co/blueyo0/SAM-Med3D/blob/main/sam_med3d_turbo.pth
cache found, use pretrained weights in /home/wenyan/.local/share/checkpoint/huggingface_hub/blueyo0/SAM-Med3D/sam_med3d_turbo.pth
Loaded 6 selected atlas masks from ../register/atlas_bank/reference_bank.csv
data length: 139
Epoch 0, batch 0, train_058, atlas=P-10155, atlas-conditioned SAM-Med3D loss=1.0533
GPU Epilog Script v0.30
