GPU Prolog Script v1.14
This is a GPU node.
Enough GPUs available.
Allocating card 1
sweetums-609-8.local
Wed Jun 24 12:07:28 2026       
+-----------------------------------------------------------------------------------------+
| NVIDIA-SMI 550.127.05             Driver Version: 550.127.05     CUDA Version: 12.4     |
|-----------------------------------------+------------------------+----------------------+
| GPU  Name                 Persistence-M | Bus-Id          Disp.A | Volatile Uncorr. ECC |
| Fan  Temp   Perf          Pwr:Usage/Cap |           Memory-Usage | GPU-Util  Compute M. |
|                                         |                        |               MIG M. |
|=========================================+========================+======================|
|   0  NVIDIA GeForce RTX 2080 Ti     On  |   00000000:3D:00.0 Off |                  N/A |
| 30%   29C    P8             12W /  250W |       1MiB /  11264MiB |      0%   E. Process |
|                                         |                        |                  N/A |
+-----------------------------------------+------------------------+----------------------+
|   1  NVIDIA GeForce RTX 2080 Ti     On  |   00000000:3E:00.0 Off |                  N/A |
| 29%   28C    P8             22W /  250W |       1MiB /  11264MiB |      0%   E. Process |
|                                         |                        |                  N/A |
+-----------------------------------------+------------------------+----------------------+
|   2  NVIDIA GeForce RTX 2080 Ti     On  |   00000000:60:00.0 Off |                  N/A |
| 31%   33C    P8             38W /  250W |       3MiB /  11264MiB |      0%   E. Process |
|                                         |                        |                  N/A |
+-----------------------------------------+------------------------+----------------------+
|   3  NVIDIA GeForce RTX 2080 Ti     On  |   00000000:61:00.0 Off |                  N/A |
| 30%   31C    P8             19W /  250W |       1MiB /  11264MiB |      0%   E. Process |
|                                         |                        |                  N/A |
+-----------------------------------------+------------------------+----------------------+
|   4  NVIDIA GeForce RTX 2080 Ti     On  |   00000000:B1:00.0 Off |                  N/A |
| 31%   29C    P8             34W /  250W |       1MiB /  11264MiB |      0%   E. Process |
|                                         |                        |                  N/A |
+-----------------------------------------+------------------------+----------------------+
|   5  NVIDIA GeForce RTX 2080 Ti     On  |   00000000:B2:00.0 Off |                  N/A |
| 31%   31C    P8             22W /  250W |       1MiB /  11264MiB |      0%   E. Process |
|                                         |                        |                  N/A |
+-----------------------------------------+------------------------+----------------------+
|   6  NVIDIA GeForce RTX 2080 Ti     On  |   00000000:DA:00.0 Off |                  N/A |
| 31%   28C    P8             19W /  250W |       1MiB /  11264MiB |      0%   E. Process |
|                                         |                        |                  N/A |
+-----------------------------------------+------------------------+----------------------+
|   7  NVIDIA GeForce RTX 2080 Ti     On  |   00000000:DB:00.0 Off |                  N/A |
| 31%   24C    P8              1W /  250W |       1MiB /  11264MiB |      0%   E. Process |
|                                         |                        |                  N/A |
+-----------------------------------------+------------------------+----------------------+
                                                                                         
+-----------------------------------------------------------------------------------------+
| Processes:                                                                              |
|  GPU   GI   CI        PID   Type   Process name                              GPU Memory |
|        ID   ID                                                               Usage      |
|=========================================================================================|
|  No running processes found                                                             |
+-----------------------------------------------------------------------------------------+
Selected GPU 0
GPU Epilog Script v0.30
