GPU Prolog Script v1.14
This is a GPU node.
ERROR: unexpected pid running on card 0 on drteeth.local. PID: 24530 Owner: hyunmkim
drteeth.local
Tue Jun 23 21:23:54 2026       
+-----------------------------------------------------------------------------------------+
| NVIDIA-SMI 550.127.05             Driver Version: 550.127.05     CUDA Version: 12.4     |
|-----------------------------------------+------------------------+----------------------+
| GPU  Name                 Persistence-M | Bus-Id          Disp.A | Volatile Uncorr. ECC |
| Fan  Temp   Perf          Pwr:Usage/Cap |           Memory-Usage | GPU-Util  Compute M. |
|                                         |                        |               MIG M. |
|=========================================+========================+======================|
|   0  Quadro RTX 6000                On  |   00000000:01:00.0 Off |                  Off |
| 51%   74C    P2            237W /  260W |   13449MiB /  24576MiB |     99%   E. Process |
|                                         |                        |                  N/A |
+-----------------------------------------+------------------------+----------------------+
|   1  Quadro RTX 6000                On  |   00000000:25:00.0 Off |                  Off |
| 33%   35C    P8             28W /  260W |       3MiB /  24576MiB |      0%   E. Process |
|                                         |                        |                  N/A |
+-----------------------------------------+------------------------+----------------------+
|   2  Quadro RTX 6000                On  |   00000000:41:00.0 Off |                  Off |
| 33%   30C    P8             33W /  260W |       3MiB /  24576MiB |      0%   E. Process |
|                                         |                        |                  N/A |
+-----------------------------------------+------------------------+----------------------+
|   3  Quadro RTX 6000                On  |   00000000:61:00.0 Off |                  Off |
| 33%   30C    P8             25W /  260W |       3MiB /  24576MiB |      0%   E. Process |
|                                         |                        |                  N/A |
+-----------------------------------------+------------------------+----------------------+
|   4  Quadro RTX 6000                On  |   00000000:81:00.0 Off |                  Off |
| 33%   30C    P8             22W /  260W |       3MiB /  24576MiB |      0%   E. Process |
|                                         |                        |                  N/A |
+-----------------------------------------+------------------------+----------------------+
|   5  Quadro RTX 6000                On  |   00000000:A1:00.0 Off |                  Off |
| 33%   30C    P8             21W /  260W |       3MiB /  24576MiB |      0%   E. Process |
|                                         |                        |                  N/A |
+-----------------------------------------+------------------------+----------------------+
|   6  Quadro RTX 6000                On  |   00000000:C1:00.0 Off |                  Off |
| 33%   31C    P8             28W /  260W |       3MiB /  24576MiB |      0%   E. Process |
|                                         |                        |                  N/A |
+-----------------------------------------+------------------------+----------------------+
|   7  Quadro RTX 6000                On  |   00000000:E1:00.0 Off |                  Off |
| 33%   30C    P8             23W /  260W |       3MiB /  24576MiB |      0%   E. Process |
|                                         |                        |                  N/A |
+-----------------------------------------+------------------------+----------------------+
                                                                                         
+-----------------------------------------------------------------------------------------+
| Processes:                                                                              |
|  GPU   GI   CI        PID   Type   Process name                              GPU Memory |
|        ID   ID                                                               Usage      |
|=========================================================================================|
|    0   N/A  N/A     24530      C   python                                      13444MiB |
+-----------------------------------------------------------------------------------------+
Selected GPU 0
creating model SAM-Med3D
try to load pretrained weights from https://huggingface.co/blueyo0/SAM-Med3D/blob/main/sam_med3d_turbo.pth
cache found, use pretrained weights in /home/wenyan/.local/share/checkpoint/huggingface_hub/blueyo0/SAM-Med3D/sam_med3d_turbo.pth
Traceback (most recent call last):
  File "/cluster/project7/longitude/atlasSam/segment/segment.py", line 994, in <module>
    atlas_conditioned_sammed3d_train(args)
  File "/cluster/project7/longitude/atlasSam/segment/segment.py", line 444, in atlas_conditioned_sammed3d_train
    model = load_sammed3d_model(args, device)
  File "/cluster/project7/longitude/atlasSam/segment/segment.py", line 354, in load_sammed3d_model
    model = medim.create_model('SAM-Med3D', pretrained=True, checkpoint_path=checkpoint)
  File "/cluster/project7/longitude/env/lib/python3.10/site-packages/medim/models/_factory.py", line 22, in create_model
    return create_fn(pretrained=pretrained, checkpoint_path=checkpoint_path, **kwargs)
  File "/cluster/project7/longitude/env/lib/python3.10/site-packages/medim/models/sam_med3d.py", line 1257, in build_sam3D_vit_b_ori
    load_pretrained_weights(model,
  File "/cluster/project7/longitude/env/lib/python3.10/site-packages/medim/models/_pretrain.py", line 86, in load_pretrained_weights
    state_dict = torch.load(f, weights_only=False)
  File "/cluster/project7/longitude/env/lib/python3.10/site-packages/torch/serialization.py", line 1471, in load
    return _load(
  File "/cluster/project7/longitude/env/lib/python3.10/site-packages/torch/serialization.py", line 1964, in _load
    result = unpickler.load()
  File "/cluster/project7/longitude/env/lib/python3.10/site-packages/torch/serialization.py", line 1928, in persistent_load
    typed_storage = load_tensor(
  File "/cluster/project7/longitude/env/lib/python3.10/site-packages/torch/serialization.py", line 1900, in load_tensor
    wrap_storage=restore_location(storage, location),
  File "/cluster/project7/longitude/env/lib/python3.10/site-packages/torch/serialization.py", line 693, in default_restore_location
    result = fn(storage, location)
  File "/cluster/project7/longitude/env/lib/python3.10/site-packages/torch/serialization.py", line 632, in _deserialize
    return obj.to(device=device)
  File "/cluster/project7/longitude/env/lib/python3.10/site-packages/torch/storage.py", line 292, in to
    return _to(self, device, non_blocking)
  File "/cluster/project7/longitude/env/lib/python3.10/site-packages/torch/_utils.py", line 100, in _to
    untyped_storage.copy_(self, non_blocking)
RuntimeError: CUDA error: CUDA-capable device(s) is/are busy or unavailable
CUDA kernel errors might be asynchronously reported at some other API call, so the stacktrace below might be incorrect.
For debugging consider passing CUDA_LAUNCH_BLOCKING=1
Compile with `TORCH_USE_CUDA_DSA` to enable device-side assertions.

GPU Epilog Script v0.30
